# JRE version: OpenJDK Runtime Environment Temurin-21.0.6+7 (21.0.6+7) (build 21.0.6+7-LTS)
# Java VM: OpenJDK 64-Bit Server VM Temurin-21.0.6+7 (21.0.6+7-LTS, mixed mode, emulated-client, sharing, tiered, compressed oops, compressed class ptrs, g1 gc, windows-amd64)
GC Precious Log:
 CardTable entry size: 512
 Card Set container configuration: InlinePtr #cards 5 size 8 Array Of Cards #cards 12 size 40 Howl #buckets 4 coarsen threshold 1843 Howl Bitmap #cards 512 size 80 coarsen threshold 460 Card regions per heap region 1 cards per card region 2048
 CPUs: 8 total, 8 available
 Memory: 16221M
 Large Page Support: Disabled
 NUMA Support: Disabled
 Compressed Oops: Enabled (32-bit)
 Heap Region Size: 1M
 Heap Min Capacity: 8M
 Heap Initial Capacity: 254M
 Heap Max Capacity: 1G
 Pre-touch: Disabled
 Parallel Workers: 8
 Concurrent Workers: 2
 Concurrent Refinement Workers: 8
 Periodic GC: Disabled
Heap:
 garbage-first heap   total 143360K, used 42141K [0x00000000c0000000, 0x0000000100000000)
  region size 1024K, 1 young (1024K), 0 survivors (0K)
 Metaspace       used 54581K, committed 55552K, reserved 1114112K
  class space    used 7002K, committed 7424K, reserved 1048576K
GC Heap History (20 events):
Event: 34397.157 GC heap after
{Heap after GC invocations=564 (full 540):
 garbage-first heap   total 143360K, used 42141K [0x00000000c0000000, 0x0000000100000000)
  region size 1024K, 0 young (0K), 0 survivors (0K)
 Metaspace       used 54581K, committed 55552K, reserved 1114112K
  class space    used 7002K, committed 7424K, reserved 1048576K
}
Event: 34407.719 GC heap before
{Heap before GC invocations=564 (full 540):
 garbage-first heap   total 143360K, used 42141K [0x00000000c0000000, 0x0000000100000000)
  region size 1024K, 1 young (1024K), 0 survivors (0K)
 Metaspace       used 54581K, committed 55552K, reserved 1114112K
  class space    used 7002K, committed 7424K, reserved 1048576K
}
Event: 34407.763 GC heap after
{Heap after GC invocations=565 (full 541):
 garbage-first heap   total 143360K, used 42141K [0x00000000c0000000, 0x0000000100000000)
  region size 1024K, 0 young (0K), 0 survivors (0K)
 Metaspace       used 54581K, committed 55552K, reserved 1114112K
  class space    used 7002K, committed 7424K, reserved 1048576K
}
Event: 34418.219 GC heap before
{Heap before GC invocations=565 (full 541):
 garbage-first heap   total 143360K, used 42141K [0x00000000c0000000, 0x0000000100000000)
  region size 1024K, 1 young (1024K), 0 survivors (0K)
 Metaspace       used 54581K, committed 55552K, reserved 1114112K
  class space    used 7002K, committed 7424K, reserved 1048576K
}
Event: 34418.263 GC heap after
{Heap after GC invocations=566 (full 542):
 garbage-first heap   total 143360K, used 42141K [0x00000000c0000000, 0x0000000100000000)
  region size 1024K, 0 young (0K), 0 survivors (0K)
 Metaspace       used 54581K, committed 55552K, reserved 1114112K
  class space    used 7002K, committed 7424K, reserved 1048576K
}
Event: 34428.632 GC heap before
{Heap before GC invocations=566 (full 542):
 garbage-first heap   total 143360K, used 42141K [0x00000000c0000000, 0x0000000100000000)
  region size 1024K, 1 young (1024K), 0 survivors (0K)
 Metaspace       used 54581K, committed 55552K, reserved 1114112K
  class space    used 7002K, committed 7424K, reserved 1048576K
}
Event: 34428.672 GC heap after
{Heap after GC invocations=567 (full 543):
 garbage-first heap   total 143360K, used 42141K [0x00000000c0000000, 0x0000000100000000)
  region size 1024K, 0 young (0K), 0 survivors (0K)
 Metaspace       used 54581K, committed 55552K, reserved 1114112K
  class space    used 7002K, committed 7424K, reserved 1048576K
}
Event: 34439.292 GC heap before
{Heap before GC invocations=567 (full 543):
 garbage-first heap   total 143360K, used 42141K [0x00000000c0000000, 0x0000000100000000)
  region size 1024K, 1 young (1024K), 0 survivors (0K)
 Metaspace       used 54581K, committed 55552K, reserved 1114112K
  class space    used 7002K, committed 7424K, reserved 1048576K
}
Event: 34439.332 GC heap after
{Heap after GC invocations=568 (full 544):
 garbage-first heap   total 143360K, used 42141K [0x00000000c0000000, 0x0000000100000000)
  region size 1024K, 0 young (0K), 0 survivors (0K)
 Metaspace       used 54581K, committed 55552K, reserved 1114112K
  class space    used 7002K, committed 7424K, reserved 1048576K
}
Event: 34449.845 GC heap before
{Heap before GC invocations=568 (full 544):
 garbage-first heap   total 143360K, used 42141K [0x00000000c0000000, 0x0000000100000000)
  region size 1024K, 1 young (1024K), 0 survivors (0K)
 Metaspace       used 54581K, committed 55552K, reserved 1114112K
  class space    used 7002K, committed 7424K, reserved 1048576K
}
Event: 34449.889 GC heap after
{Heap after GC invocations=569 (full 545):
 garbage-first heap   total 143360K, used 42141K [0x00000000c0000000, 0x0000000100000000)
  region size 1024K, 0 young (0K), 0 survivors (0K)
 Metaspace       used 54581K, committed 55552K, reserved 1114112K
  class space    used 7002K, committed 7424K, reserved 1048576K
}
Event: 34460.329 GC heap before
{Heap before GC invocations=569 (full 545):
 garbage-first heap   total 143360K, used 42141K [0x00000000c0000000, 0x0000000100000000)
  region size 1024K, 1 young (1024K), 0 survivors (0K)
 Metaspace       used 54581K, committed 55552K, reserved 1114112K
  class space    used 7002K, committed 7424K, reserved 1048576K
}
Event: 34460.368 GC heap after
{Heap after GC invocations=570 (full 546):
 garbage-first heap   total 143360K, used 42141K [0x00000000c0000000, 0x0000000100000000)
  region size 1024K, 0 young (0K), 0 survivors (0K)
 Metaspace       used 54581K, committed 55552K, reserved 1114112K
  class space    used 7002K, committed 7424K, reserved 1048576K
}
Event: 34472.003 GC heap before
{Heap before GC invocations=570 (full 546):
 garbage-first heap   total 143360K, used 42141K [0x00000000c0000000, 0x0000000100000000)
  region size 1024K, 1 young (1024K), 0 survivors (0K)
 Metaspace       used 54581K, committed 55552K, reserved 1114112K
  class space    used 7002K, committed 7424K, reserved 1048576K
}
Event: 34472.046 GC heap after
{Heap after GC invocations=571 (full 547):
 garbage-first heap   total 143360K, used 42141K [0x00000000c0000000, 0x0000000100000000)
  region size 1024K, 0 young (0K), 0 survivors (0K)
 Metaspace       used 54581K, committed 55552K, reserved 1114112K
  class space    used 7002K, committed 7424K, reserved 1048576K
}
Event: 34482.595 GC heap before
{Heap before GC invocations=571 (full 547):
 garbage-first heap   total 143360K, used 42141K [0x00000000c0000000, 0x0000000100000000)
  region size 1024K, 1 young (1024K), 0 survivors (0K)
 Metaspace       used 54581K, committed 55552K, reserved 1114112K
  class space    used 7002K, committed 7424K, reserved 1048576K
}
Event: 34482.638 GC heap after
{Heap after GC invocations=572 (full 548):
 garbage-first heap   total 143360K, used 42141K [0x00000000c0000000, 0x0000000100000000)
  region size 1024K, 0 young (0K), 0 survivors (0K)
 Metaspace       used 54581K, committed 55552K, reserved 1114112K
  class space    used 7002K, committed 7424K, reserved 1048576K
}
Event: 34497.504 GC heap before
{Heap before GC invocations=572 (full 548):
 garbage-first heap   total 143360K, used 42141K [0x00000000c0000000, 0x0000000100000000)
  region size 1024K, 1 young (1024K), 0 survivors (0K)
 Metaspace       used 54581K, committed 55552K, reserved 1114112K
  class space    used 7002K, committed 7424K, reserved 1048576K
}
Event: 34497.548 GC heap after
{Heap after GC invocations=573 (full 549):
 garbage-first heap   total 143360K, used 42141K [0x00000000c0000000, 0x0000000100000000)
  region size 1024K, 0 young (0K), 0 survivors (0K)
 Metaspace       used 54581K, committed 55552K, reserved 1114112K
  class space    used 7002K, committed 7424K, reserved 1048576K
}
Event: 34508.710 GC heap before
{Heap before GC invocations=573 (full 549):
 garbage-first heap   total 143360K, used 42141K [0x00000000c0000000, 0x0000000100000000)
  region size 1024K, 1 young (1024K), 0 survivors (0K)
 Metaspace       used 54581K, committed 55552K, reserved 1114112K
  class space    used 7002K, committed 7424K, reserved 1048576K
}

