# JRE version: OpenJDK Runtime Environment Temurin-21.0.6+7 (21.0.6+7) (build 21.0.6+7-LTS)
# Java VM: OpenJDK 64-Bit Server VM Temurin-21.0.6+7 (21.0.6+7-LTS, mixed mode, emulated-client, sharing, tiered, compressed oops, compressed class ptrs, g1 gc, windows-amd64)
GC Precious Log:
 CardTable entry size: 512
 Card Set container configuration: InlinePtr #cards 5 size 8 Array Of Cards #cards 12 size 40 Howl #buckets 4 coarsen threshold 1843 Howl Bitmap #cards 512 size 80 coarsen threshold 460 Card regions per heap region 1 cards per card region 2048
 CPUs: 8 total, 8 available
 Memory: 16221M
 Large Page Support: Disabled
 NUMA Support: Disabled
 Compressed Oops: Enabled (32-bit)
 Heap Region Size: 1M
 Heap Min Capacity: 8M
 Heap Initial Capacity: 254M
 Heap Max Capacity: 1G
 Pre-touch: Disabled
 Parallel Workers: 8
 Concurrent Workers: 2
 Concurrent Refinement Workers: 8
 Periodic GC: Disabled
Heap:
 garbage-first heap   total 90112K, used 42810K [0x00000000c0000000, 0x0000000100000000)
  region size 1024K, 1 young (1024K), 0 survivors (0K)
 Metaspace       used 57860K, committed 58688K, reserved 1114112K
  class space    used 7179K, committed 7552K, reserved 1048576K
GC Heap History (20 events):
Event: 113246.220 GC heap after
{Heap after GC invocations=1895 (full 1866):
 garbage-first heap   total 90112K, used 42810K [0x00000000c0000000, 0x0000000100000000)
  region size 1024K, 0 young (0K), 0 survivors (0K)
 Metaspace       used 57860K, committed 58688K, reserved 1114112K
  class space    used 7179K, committed 7552K, reserved 1048576K
}
Event: 113256.431 GC heap before
{Heap before GC invocations=1895 (full 1866):
 garbage-first heap   total 90112K, used 42810K [0x00000000c0000000, 0x0000000100000000)
  region size 1024K, 1 young (1024K), 0 survivors (0K)
 Metaspace       used 57860K, committed 58688K, reserved 1114112K
  class space    used 7179K, committed 7552K, reserved 1048576K
}
Event: 113256.458 GC heap after
{Heap after GC invocations=1896 (full 1867):
 garbage-first heap   total 90112K, used 42810K [0x00000000c0000000, 0x0000000100000000)
  region size 1024K, 0 young (0K), 0 survivors (0K)
 Metaspace       used 57860K, committed 58688K, reserved 1114112K
  class space    used 7179K, committed 7552K, reserved 1048576K
}
Event: 113266.676 GC heap before
{Heap before GC invocations=1896 (full 1867):
 garbage-first heap   total 90112K, used 42810K [0x00000000c0000000, 0x0000000100000000)
  region size 1024K, 1 young (1024K), 0 survivors (0K)
 Metaspace       used 57860K, committed 58688K, reserved 1114112K
  class space    used 7179K, committed 7552K, reserved 1048576K
}
Event: 113266.704 GC heap after
{Heap after GC invocations=1897 (full 1868):
 garbage-first heap   total 90112K, used 42810K [0x00000000c0000000, 0x0000000100000000)
  region size 1024K, 0 young (0K), 0 survivors (0K)
 Metaspace       used 57860K, committed 58688K, reserved 1114112K
  class space    used 7179K, committed 7552K, reserved 1048576K
}
Event: 113276.932 GC heap before
{Heap before GC invocations=1897 (full 1868):
 garbage-first heap   total 90112K, used 42810K [0x00000000c0000000, 0x0000000100000000)
  region size 1024K, 1 young (1024K), 0 survivors (0K)
 Metaspace       used 57860K, committed 58688K, reserved 1114112K
  class space    used 7179K, committed 7552K, reserved 1048576K
}
Event: 113276.960 GC heap after
{Heap after GC invocations=1898 (full 1869):
 garbage-first heap   total 90112K, used 42810K [0x00000000c0000000, 0x0000000100000000)
  region size 1024K, 0 young (0K), 0 survivors (0K)
 Metaspace       used 57860K, committed 58688K, reserved 1114112K
  class space    used 7179K, committed 7552K, reserved 1048576K
}
Event: 113287.168 GC heap before
{Heap before GC invocations=1898 (full 1869):
 garbage-first heap   total 90112K, used 42810K [0x00000000c0000000, 0x0000000100000000)
  region size 1024K, 1 young (1024K), 0 survivors (0K)
 Metaspace       used 57860K, committed 58688K, reserved 1114112K
  class space    used 7179K, committed 7552K, reserved 1048576K
}
Event: 113287.195 GC heap after
{Heap after GC invocations=1899 (full 1870):
 garbage-first heap   total 90112K, used 42810K [0x00000000c0000000, 0x0000000100000000)
  region size 1024K, 0 young (0K), 0 survivors (0K)
 Metaspace       used 57860K, committed 58688K, reserved 1114112K
  class space    used 7179K, committed 7552K, reserved 1048576K
}
Event: 113297.444 GC heap before
{Heap before GC invocations=1899 (full 1870):
 garbage-first heap   total 90112K, used 42810K [0x00000000c0000000, 0x0000000100000000)
  region size 1024K, 1 young (1024K), 0 survivors (0K)
 Metaspace       used 57860K, committed 58688K, reserved 1114112K
  class space    used 7179K, committed 7552K, reserved 1048576K
}
Event: 113297.473 GC heap after
{Heap after GC invocations=1900 (full 1871):
 garbage-first heap   total 90112K, used 42810K [0x00000000c0000000, 0x0000000100000000)
  region size 1024K, 0 young (0K), 0 survivors (0K)
 Metaspace       used 57860K, committed 58688K, reserved 1114112K
  class space    used 7179K, committed 7552K, reserved 1048576K
}
Event: 113307.691 GC heap before
{Heap before GC invocations=1900 (full 1871):
 garbage-first heap   total 90112K, used 42810K [0x00000000c0000000, 0x0000000100000000)
  region size 1024K, 1 young (1024K), 0 survivors (0K)
 Metaspace       used 57860K, committed 58688K, reserved 1114112K
  class space    used 7179K, committed 7552K, reserved 1048576K
}
Event: 113307.721 GC heap after
{Heap after GC invocations=1901 (full 1872):
 garbage-first heap   total 90112K, used 42810K [0x00000000c0000000, 0x0000000100000000)
  region size 1024K, 0 young (0K), 0 survivors (0K)
 Metaspace       used 57860K, committed 58688K, reserved 1114112K
  class space    used 7179K, committed 7552K, reserved 1048576K
}
Event: 113317.928 GC heap before
{Heap before GC invocations=1901 (full 1872):
 garbage-first heap   total 90112K, used 42810K [0x00000000c0000000, 0x0000000100000000)
  region size 1024K, 1 young (1024K), 0 survivors (0K)
 Metaspace       used 57860K, committed 58688K, reserved 1114112K
  class space    used 7179K, committed 7552K, reserved 1048576K
}
Event: 113317.957 GC heap after
{Heap after GC invocations=1902 (full 1873):
 garbage-first heap   total 90112K, used 42810K [0x00000000c0000000, 0x0000000100000000)
  region size 1024K, 0 young (0K), 0 survivors (0K)
 Metaspace       used 57860K, committed 58688K, reserved 1114112K
  class space    used 7179K, committed 7552K, reserved 1048576K
}
Event: 113328.199 GC heap before
{Heap before GC invocations=1902 (full 1873):
 garbage-first heap   total 90112K, used 42810K [0x00000000c0000000, 0x0000000100000000)
  region size 1024K, 1 young (1024K), 0 survivors (0K)
 Metaspace       used 57860K, committed 58688K, reserved 1114112K
  class space    used 7179K, committed 7552K, reserved 1048576K
}
Event: 113328.226 GC heap after
{Heap after GC invocations=1903 (full 1874):
 garbage-first heap   total 90112K, used 42810K [0x00000000c0000000, 0x0000000100000000)
  region size 1024K, 0 young (0K), 0 survivors (0K)
 Metaspace       used 57860K, committed 58688K, reserved 1114112K
  class space    used 7179K, committed 7552K, reserved 1048576K
}
Event: 113338.602 GC heap before
{Heap before GC invocations=1903 (full 1874):
 garbage-first heap   total 90112K, used 42810K [0x00000000c0000000, 0x0000000100000000)
  region size 1024K, 1 young (1024K), 0 survivors (0K)
 Metaspace       used 57860K, committed 58688K, reserved 1114112K
  class space    used 7179K, committed 7552K, reserved 1048576K
}
Event: 113338.648 GC heap after
{Heap after GC invocations=1904 (full 1875):
 garbage-first heap   total 90112K, used 42810K [0x00000000c0000000, 0x0000000100000000)
  region size 1024K, 0 young (0K), 0 survivors (0K)
 Metaspace       used 57860K, committed 58688K, reserved 1114112K
  class space    used 7179K, committed 7552K, reserved 1048576K
}
Event: 113355.519 GC heap before
{Heap before GC invocations=1904 (full 1875):
 garbage-first heap   total 90112K, used 42810K [0x00000000c0000000, 0x0000000100000000)
  region size 1024K, 1 young (1024K), 0 survivors (0K)
 Metaspace       used 57860K, committed 58688K, reserved 1114112K
  class space    used 7179K, committed 7552K, reserved 1048576K
}

